<?xml version="1.0" encoding="UTF-8"?>
<testsuite xmlns:xsi="http://www.w3.org/2001/XMLSchema-instance" xsi:noNamespaceSchemaLocation="https://maven.apache.org/surefire/maven-surefire-plugin/xsd/surefire-test-report-3.0.xsd" version="3.0" name="hellocucumber.RunCucumberTest" time="3.161" tests="2" errors="1" skipped="0" failures="0">
  <properties>
[...]
</properties>
  <testcase name="The example" classname="An example" time="0.045">
    <system-out><![CDATA[
Scenario: The example                       &amp#27;[90m# hellocucumber/example.feature:3&amp#27;[0m
  &amp#27;[32mGiven &amp#27;[0m&amp#27;[32man example scenario&amp#27;[0m                 &amp#27;[90m# hellocucumber.StepDefinitions.anExampleScenario()&amp#27;[0m
  &amp#27;[32mWhen &amp#27;[0m&amp#27;[32mall step definitions are implemented&amp#27;[0m &amp#27;[90m# hellocucumber.StepDefinitions.allStepDefinitionsAreImplemented()&amp#27;[0m
  &amp#27;[32mThen &amp#27;[0m&amp#27;[32mthe scenario passes&amp#27;[0m                  &amp#27;[90m# hellocucumber.StepDefinitions.theScenarioPasses()&amp#27;[0m
]]></system-out>
  </testcase>
  <testcase name="Example #1" classname="Examples" time="3.009">
    <error message="no such window: target window already closed&#10;from unknown error: web view not found&#10;  (Session info: chrome=111.0.5563.64)&#10;Build info: version: &apos;4.7.2&apos;, revision: &apos;4d4020c3b7&apos;&#10;System info: os.name: &apos;Linux&apos;, os.arch: &apos;amd64&apos;, os.version: &apos;5.15.0-67-generic&apos;, java.version: &apos;17.0.5&apos;&#10;Driver info: org.openqa.selenium.chrome.ChromeDriver&#10;Command: [a0d86f506cfb8c7a37fd728673a05a32, maximizeCurrentWindow {}]&#10;Capabilities {acceptInsecureCerts: false, browserName: chrome, browserVersion: 111.0.5563.64, chrome: {chromedriverVersion: 111.0.5563.64 (c710e93d5b63..., userDataDir: /tmp/.com.google.Chrome.JbPfZa}, goog:chromeOptions: {debuggerAddress: localhost:44279}, networkConnectionEnabled: false, pageLoadStrategy: normal, platformName: LINUX, proxy: Proxy(), se:cdp: ws://localhost:44279/devtoo..., se:cdpVersion: 111.0.5563.64, setWindowRect: true, strictFileInteractability: false, timeouts: {implicit: 0, pageLoad: 300000, script: 30000}, unhandledPromptBehavior: dismiss and notify, webauthn:extension:credBlob: true, webauthn:extension:largeBlob: true, webauthn:extension:minPinLength: true, webauthn:extension:prf: true, webauthn:virtualAuthenticators: true}&#10;Session ID: a0d86f506cfb8c7a37fd728673a05a32" type="org.openqa.selenium.NoSuchWindowException"><![CDATA[org.openqa.selenium.NoSuchWindowException: 
no such window: target window already closed
from unknown error: web view not found
  (Session info: chrome=111.0.5563.64)
Build info: version: '4.7.2', revision: '4d4020c3b7'
System info: os.name: 'Linux', os.arch: 'amd64', os.version: '5.15.0-67-generic', java.version: '17.0.5'
Driver info: org.openqa.selenium.chrome.ChromeDriver
Command: [a0d86f506cfb8c7a37fd728673a05a32, maximizeCurrentWindow {}]
Capabilities {acceptInsecureCerts: false, browserName: chrome, browserVersion: 111.0.5563.64, chrome: {chromedriverVersion: 111.0.5563.64 (c710e93d5b63..., userDataDir: /tmp/.com.google.Chrome.JbPfZa}, goog:chromeOptions: {debuggerAddress: localhost:44279}, networkConnectionEnabled: false, pageLoadStrategy: normal, platformName: LINUX, proxy: Proxy(), se:cdp: ws://localhost:44279/devtoo..., se:cdpVersion: 111.0.5563.64, setWindowRect: true, strictFileInteractability: false, timeouts: {implicit: 0, pageLoad: 300000, script: 30000}, unhandledPromptBehavior: dismiss and notify, webauthn:extension:credBlob: true, webauthn:extension:largeBlob: true, webauthn:extension:minPinLength: true, webauthn:extension:prf: true, webauthn:virtualAuthenticators: true}
Session ID: a0d86f506cfb8c7a37fd728673a05a32
	at java.base/jdk.internal.reflect.NativeConstructorAccessorImpl.newInstance0(Native Method)
	at java.base/jdk.internal.reflect.NativeConstructorAccessorImpl.newInstance(NativeConstructorAccessorImpl.java:77)
	at java.base/jdk.internal.reflect.DelegatingConstructorAccessorImpl.newInstance(DelegatingConstructorAccessorImpl.java:45)
	at java.base/java.lang.reflect.Constructor.newInstanceWithCaller(Constructor.java:499)
	at java.base/java.lang.reflect.Constructor.newInstance(Constructor.java:480)
	at org.openqa.selenium.remote.codec.w3c.W3CHttpResponseCodec.createException(W3CHttpResponseCodec.java:200)
	at org.openqa.selenium.remote.codec.w3c.W3CHttpResponseCodec.decode(W3CHttpResponseCodec.java:133)
	at org.openqa.selenium.remote.codec.w3c.W3CHttpResponseCodec.decode(W3CHttpResponseCodec.java:53)
	at org.openqa.selenium.remote.HttpCommandExecutor.execute(HttpCommandExecutor.java:184)
	at org.openqa.selenium.remote.service.DriverCommandExecutor.invokeExecute(DriverCommandExecutor.java:167)
	at org.openqa.selenium.remote.service.DriverCommandExecutor.execute(DriverCommandExecutor.java:142)
	at org.openqa.selenium.remote.RemoteWebDriver.execute(RemoteWebDriver.java:535)
	at org.openqa.selenium.remote.RemoteWebDriver.execute(RemoteWebDriver.java:590)
	at org.openqa.selenium.remote.RemoteWebDriver.execute(RemoteWebDriver.java:594)
	at org.openqa.selenium.remote.RemoteWebDriver$RemoteWebDriverOptions$RemoteWindow.maximize(RemoteWebDriver.java:946)
	at hellocucumber.MagentoLandingPageSteps.i_am_on_the_home_page(MagentoLandingPageSteps.java:20)
	at ✽.I am on the Home Page "https://magento.softwaretestingboard.com/"(classpath:hellocucumber/orderProducts.feature:7)
]]></error>
    <system-out><![CDATA[
@Order_Product @MagentoAssignment
Scenario: I Validate product booking                                                                                        &amp#27;[90m# hellocucumber/orderProducts.feature:27&amp#27;[0m
  &amp#27;[31mGiven &amp#27;[0m&amp#27;[31mI am on the Home Page &amp#27;[0m&amp#27;[31m&amp#27;[1m"https://magento.softwaretestingboard.com/"&amp#27;[0m                                                   &amp#27;[90m# hellocucumber.MagentoLandingPageSteps.i_am_on_the_home_page(java.lang.String)&amp#27;[0m
      &amp#27;[31morg.openqa.selenium.NoSuchWindowException: no such window: target window already closed
from unknown error: web view not found
  (Session info: chrome=111.0.5563.64)
Build info: version: '4.7.2', revision: '4d4020c3b7'
System info: os.name: 'Linux', os.arch: 'amd64', os.version: '5.15.0-67-generic', java.version: '17.0.5'
Driver info: org.openqa.selenium.chrome.ChromeDriver
Command: [a0d86f506cfb8c7a37fd728673a05a32, maximizeCurrentWindow {}]
Capabilities {acceptInsecureCerts: false, browserName: chrome, browserVersion: 111.0.5563.64, chrome: {chromedriverVersion: 111.0.5563.64 (c710e93d5b63..., userDataDir: /tmp/.com.google.Chrome.JbPfZa}, goog:chromeOptions: {debuggerAddress: localhost:44279}, networkConnectionEnabled: false, pageLoadStrategy: normal, platformName: LINUX, proxy: Proxy(), se:cdp: ws://localhost:44279/devtoo..., se:cdpVersion: 111.0.5563.64, setWindowRect: true, strictFileInteractability: false, timeouts: {implicit: 0, pageLoad: 300000, script: 30000}, unhandledPromptBehavior: dismiss and notify, webauthn:extension:credBlob: true, webauthn:extension:largeBlob: true, webauthn:extension:minPinLength: true, webauthn:extension:prf: true, webauthn:virtualAuthenticators: true}
Session ID: a0d86f506cfb8c7a37fd728673a05a32
	at java.base/jdk.internal.reflect.NativeConstructorAccessorImpl.newInstance0(Native Method)
	at java.base/jdk.internal.reflect.NativeConstructorAccessorImpl.newInstance(NativeConstructorAccessorImpl.java:77)
	at java.base/jdk.internal.reflect.DelegatingConstructorAccessorImpl.newInstance(DelegatingConstructorAccessorImpl.java:45)
	at java.base/java.lang.reflect.Constructor.newInstanceWithCaller(Constructor.java:499)
	at java.base/java.lang.reflect.Constructor.newInstance(Constructor.java:480)
	at org.openqa.selenium.remote.codec.w3c.W3CHttpResponseCodec.createException(W3CHttpResponseCodec.java:200)
	at org.openqa.selenium.remote.codec.w3c.W3CHttpResponseCodec.decode(W3CHttpResponseCodec.java:133)
	at org.openqa.selenium.remote.codec.w3c.W3CHttpResponseCodec.decode(W3CHttpResponseCodec.java:53)
	at org.openqa.selenium.remote.HttpCommandExecutor.execute(HttpCommandExecutor.java:184)
	at org.openqa.selenium.remote.service.DriverCommandExecutor.invokeExecute(DriverCommandExecutor.java:167)
	at org.openqa.selenium.remote.service.DriverCommandExecutor.execute(DriverCommandExecutor.java:142)
	at org.openqa.selenium.remote.RemoteWebDriver.execute(RemoteWebDriver.java:535)
	at org.openqa.selenium.remote.RemoteWebDriver.execute(RemoteWebDriver.java:590)
	at org.openqa.selenium.remote.RemoteWebDriver.execute(RemoteWebDriver.java:594)
	at org.openqa.selenium.remote.RemoteWebDriver$RemoteWebDriverOptions$RemoteWindow.maximize(RemoteWebDriver.java:946)
	at hellocucumber.MagentoLandingPageSteps.i_am_on_the_home_page(MagentoLandingPageSteps.java:20)
	at ✽.I am on the Home Page "https://magento.softwaretestingboard.com/"(classpath:hellocucumber/orderProducts.feature:7)
&amp#27;[0m
  &amp#27;[36mThen &amp#27;[0m&amp#27;[36mI click on Men tab&amp#27;[0m                                                                                                   &amp#27;[90m# hellocucumber.MagentoLandingPageSteps.i_click_on_men_tab()&amp#27;[0m
  &amp#27;[36mThen &amp#27;[0m&amp#27;[36mI click on Tops tab&amp#27;[0m                                                                                                  &amp#27;[90m# hellocucumber.MagentoLandingPageSteps.i_click_on_tops_tab()&amp#27;[0m
  &amp#27;[36mThen &amp#27;[0m&amp#27;[36mI click on Jackets tab&amp#27;[0m                                                                                               &amp#27;[90m# hellocucumber.MagentoLandingPageSteps.i_click_on_jackets_tab()&amp#27;[0m
  &amp#27;[36mThen &amp#27;[0m&amp#27;[36mI select Size And I select Color&amp#27;[0m                                                                                     &amp#27;[90m# hellocucumber.MagentoLandingPageSteps.i_select_size_and_i_select_color()&amp#27;[0m
  &amp#27;[36mThen &amp#27;[0m&amp#27;[36mI click on Add to cart button&amp#27;[0m                                                                                        &amp#27;[90m# hellocucumber.MagentoLandingPageSteps.i_click_on_add_to_cart_button()&amp#27;[0m
  &amp#27;[36mThen &amp#27;[0m&amp#27;[36mI click on Shopping cart link&amp#27;[0m                                                                                        &amp#27;[90m# hellocucumber.MagentoLandingPageSteps.i_click_on_shopping_cart_link()&amp#27;[0m
  &amp#27;[36mThen &amp#27;[0m&amp#27;[36mI click on Proceed to checkout button&amp#27;[0m                                                                                &amp#27;[90m# hellocucumber.MagentoLandingPageSteps.i_click_on_proceed_to_checkout_button()&amp#27;[0m
  &amp#27;[36mThen &amp#27;[0m&amp#27;[36mI enter email &amp#27;[0m&amp#27;[36m&amp#27;[1m"abc@gmail.com"&amp#27;[0m&amp#27;[36m And firstName &amp#27;[0m&amp#27;[36m&amp#27;[1m"Steve"&amp#27;[0m&amp#27;[36m And lastName &amp#27;[0m&amp#27;[36m&amp#27;[1m"Rogers"&amp#27;[0m                                            &amp#27;[90m# hellocucumber.MagentoLandingPageSteps.i_enter_email_and_first_name_and_last_name(java.lang.String,java.lang.String,java.lang.String)&amp#27;[0m
  &amp#27;[36mThen &amp#27;[0m&amp#27;[36mI enter streetAddress &amp#27;[0m&amp#27;[36m&amp#27;[1m"Viman Nagar"&amp#27;[0m&amp#27;[36m And city &amp#27;[0m&amp#27;[36m&amp#27;[1m"Pune"&amp#27;[0m&amp#27;[36m And country &amp#27;[0m&amp#27;[36m&amp#27;[1m"India"&amp#27;[0m&amp#27;[36m And state &amp#27;[0m&amp#27;[36m&amp#27;[1m"Maharashtra"&amp#27;[0m&amp#27;[36m And pinCode &amp#27;[0m&amp#27;[36m&amp#27;[1m"411014"&amp#27;[0m &amp#27;[90m# hellocucumber.MagentoLandingPageSteps.i_enter_street_address_and_city_and_country_and_state_and_pin_code(java.lang.String,java.lang.String,java.lang.String,java.lang.String,java.lang.String)&amp#27;[0m
  &amp#27;[36mThen &amp#27;[0m&amp#27;[36mI enter telephone &amp#27;[0m&amp#27;[36m&amp#27;[1m"1234567890"&amp#27;[0m&amp#27;[36m number&amp#27;[0m                                                                                &amp#27;[90m# hellocucumber.MagentoLandingPageSteps.i_enter_telephone_number(java.lang.String)&amp#27;[0m
  &amp#27;[36mThen &amp#27;[0m&amp#27;[36mI click on Next button&amp#27;[0m                                                                                               &amp#27;[90m# hellocucumber.MagentoLandingPageSteps.i_click_on_next_button()&amp#27;[0m
  &amp#27;[36mThen &amp#27;[0m&amp#27;[36mI check Address checkbox And I click on Place order&amp#27;[0m                                                                  &amp#27;[90m# hellocucumber.MagentoLandingPageSteps.i_check_address_checkbox_and_i_click_on_place_order()&amp#27;[0m
  &amp#27;[36mThen &amp#27;[0m&amp#27;[36mI verify order successfully placed&amp#27;[0m                                                                                   &amp#27;[90m# hellocucumber.MagentoLandingPageSteps.i_verify_order_successfully_placed()&amp#27;[0m
]]></system-out>
    <system-err><![CDATA[SLF4J: No SLF4J providers were found.
SLF4J: Defaulting to no-operation (NOP) logger implementation
SLF4J: See https://www.slf4j.org/codes.html#noProviders for further details.
Starting ChromeDriver 111.0.5563.64 (c710e93d5b63b7095afe8c2c17df34408078439d-refs/branch-heads/5563@{#995}) on port 4522
Only local connections are allowed.
Please see https://chromedriver.chromium.org/security-considerations for suggestions on keeping ChromeDriver safe.
ChromeDriver was started successfully.
Mar 20, 2023 2:36:30 PM org.openqa.selenium.devtools.CdpVersionFinder findNearestMatch
WARNING: Unable to find an exact match for CDP version 111, so returning the closest version found: 108
]]></system-err>
  </testcase>
</testsuite>